{"C:\\Users\\abhin\\OneDrive\\Desktop\\Development\\ReactJS-Code\\src\\component\\sum.js": {"path":"C:\\Users\\abhin\\OneDrive\\Desktop\\Development\\ReactJS-Code\\src\\component\\sum.js","statementMap":{"0":{"start":{"line":1,"column":20},"end":{"line":3,"column":1}},"1":{"start":{"line":2,"column":4},"end":{"line":2,"column":17}}},"fnMap":{"0":{"name":"(anonymous_0)","decl":{"start":{"line":1,"column":20},"end":{"line":1,"column":21}},"loc":{"start":{"line":1,"column":30},"end":{"line":3,"column":1}},"line":1}},"branchMap":{},"s":{"0":1,"1":1},"f":{"0":1},"b":{},"_coverageSchema":"1a1c01bbd47fc00a2c39e90264f33305004495a9","hash":"f8236eb146d459398ff2d5d15a0cbb5c53e384c4"}
}
